
*** Running vivado
    with args -log c_counter_binary_1.vds -m64 -mode batch -messageDb vivado.pb -notrace -source c_counter_binary_1.tcl


****** Vivado v2015.4 (64-bit)
  **** SW Build 1412921 on Wed Nov 18 09:44:32 MST 2015
  **** IP Build 1412160 on Tue Nov 17 13:47:24 MST 2015
    ** Copyright 1986-2015 Xilinx, Inc. All Rights Reserved.

source c_counter_binary_1.tcl -notrace
INFO: [IP_Flow 19-234] Refreshing IP repositories
INFO: [IP_Flow 19-1704] No user IP repositories specified
INFO: [IP_Flow 19-2313] Loaded Vivado IP repository '/opt/Xilinx/Vivado/2015.4/data/ip'.
WARNING: [IP_Flow 19-3664] IP 'c_counter_binary_1' generated file not found '/home/el3ctrician/PrimaProva/PrimaProva.srcs/sources_1/ip/c_counter_binary_1/c_counter_binary_1.dcp'. Please regenerate to continue.
WARNING: [IP_Flow 19-3664] IP 'c_counter_binary_1' generated file not found '/home/el3ctrician/PrimaProva/PrimaProva.srcs/sources_1/ip/c_counter_binary_1/c_counter_binary_1_stub.v'. Please regenerate to continue.
WARNING: [IP_Flow 19-3664] IP 'c_counter_binary_1' generated file not found '/home/el3ctrician/PrimaProva/PrimaProva.srcs/sources_1/ip/c_counter_binary_1/c_counter_binary_1_stub.vhdl'. Please regenerate to continue.
WARNING: [IP_Flow 19-3664] IP 'c_counter_binary_1' generated file not found '/home/el3ctrician/PrimaProva/PrimaProva.srcs/sources_1/ip/c_counter_binary_1/c_counter_binary_1_sim_netlist.v'. Please regenerate to continue.
WARNING: [IP_Flow 19-3664] IP 'c_counter_binary_1' generated file not found '/home/el3ctrician/PrimaProva/PrimaProva.srcs/sources_1/ip/c_counter_binary_1/c_counter_binary_1_sim_netlist.vhdl'. Please regenerate to continue.
Command: synth_design -top c_counter_binary_1 -part xc7a100tcsg324-2 -mode out_of_context
Starting synth_design
Attempting to get a license for feature 'Synthesis' and/or device 'xc7a100t'
INFO: [Common 17-349] Got license for feature 'Synthesis' and/or device 'xc7a100t'
---------------------------------------------------------------------------------
Starting RTL Elaboration : Time (s): cpu = 00:00:10 ; elapsed = 00:00:10 . Memory (MB): peak = 1010.750 ; gain = 172.031 ; free physical = 1077 ; free virtual = 5759
---------------------------------------------------------------------------------
INFO: [Synth 8-638] synthesizing module 'c_counter_binary_1' [/home/el3ctrician/PrimaProva/PrimaProva.srcs/sources_1/ip/c_counter_binary_1/synth/c_counter_binary_1.vhd:69]
INFO: [Synth 8-3491] module 'c_counter_binary_v12_0_8' declared at '/home/el3ctrician/PrimaProva/PrimaProva.srcs/sources_1/ip/c_counter_binary_1/c_counter_binary_v12_0_8/hdl/c_counter_binary_v12_0.vhd:116' bound to instance 'U0' of component 'c_counter_binary_v12_0_8' [/home/el3ctrician/PrimaProva/PrimaProva.srcs/sources_1/ip/c_counter_binary_1/synth/c_counter_binary_1.vhd:124]
INFO: [Synth 8-638] synthesizing module 'c_counter_binary_v12_0_8' [/home/el3ctrician/PrimaProva/PrimaProva.srcs/sources_1/ip/c_counter_binary_1/c_counter_binary_v12_0_8/hdl/c_counter_binary_v12_0.vhd:157]
INFO: [Synth 8-3491] module 'c_counter_binary_v12_0_8_viv' declared at '/home/el3ctrician/PrimaProva/PrimaProva.srcs/sources_1/ip/c_counter_binary_1/c_counter_binary_v12_0_8/hdl/c_counter_binary_v12_0_vh_rfs.vhd:1866' bound to instance 'i_synth' of component 'c_counter_binary_v12_0_8_viv' [/home/el3ctrician/PrimaProva/PrimaProva.srcs/sources_1/ip/c_counter_binary_1/c_counter_binary_v12_0_8/hdl/c_counter_binary_v12_0.vhd:163]
INFO: [Synth 8-638] synthesizing module 'c_counter_binary_v12_0_8_viv' [/home/el3ctrician/PrimaProva/PrimaProva.srcs/sources_1/ip/c_counter_binary_1/c_counter_binary_v12_0_8/hdl/c_counter_binary_v12_0_vh_rfs.vhd:1920]
INFO: [Synth 8-3491] module 'c_counter_binary_v12_0_8_legacy' declared at '/home/el3ctrician/PrimaProva/PrimaProva.srcs/sources_1/ip/c_counter_binary_1/c_counter_binary_v12_0_8/hdl/c_counter_binary_v12_0_vh_rfs.vhd:333' bound to instance 'i_baseblox_counter' of component 'c_counter_binary_v12_0_8_legacy' [/home/el3ctrician/PrimaProva/PrimaProva.srcs/sources_1/ip/c_counter_binary_1/c_counter_binary_v12_0_8/hdl/c_counter_binary_v12_0_vh_rfs.vhd:2046]
INFO: [Synth 8-638] synthesizing module 'c_counter_binary_v12_0_8_legacy' [/home/el3ctrician/PrimaProva/PrimaProva.srcs/sources_1/ip/c_counter_binary_1/c_counter_binary_v12_0_8/hdl/c_counter_binary_v12_0_vh_rfs.vhd:390]
WARNING: [Synth 8-312] ignoring unsynthesizable construct: assertion statement [/home/el3ctrician/PrimaProva/PrimaProva.srcs/sources_1/ip/c_counter_binary_1/xbip_utils_v3_0_5/hdl/xbip_utils_v3_0_vh_rfs.vhd:594]
WARNING: [Synth 8-312] ignoring unsynthesizable construct: assertion statement [/home/el3ctrician/PrimaProva/PrimaProva.srcs/sources_1/ip/c_counter_binary_1/xbip_utils_v3_0_5/hdl/xbip_utils_v3_0_vh_rfs.vhd:597]
WARNING: [Synth 8-312] ignoring unsynthesizable construct: assertion statement [/home/el3ctrician/PrimaProva/PrimaProva.srcs/sources_1/ip/c_counter_binary_1/xbip_utils_v3_0_5/hdl/xbip_utils_v3_0_vh_rfs.vhd:594]
WARNING: [Synth 8-312] ignoring unsynthesizable construct: assertion statement [/home/el3ctrician/PrimaProva/PrimaProva.srcs/sources_1/ip/c_counter_binary_1/xbip_utils_v3_0_5/hdl/xbip_utils_v3_0_vh_rfs.vhd:597]
WARNING: [Synth 8-312] ignoring unsynthesizable construct: assertion statement [/home/el3ctrician/PrimaProva/PrimaProva.srcs/sources_1/ip/c_counter_binary_1/xbip_utils_v3_0_5/hdl/xbip_utils_v3_0_vh_rfs.vhd:594]
WARNING: [Synth 8-312] ignoring unsynthesizable construct: assertion statement [/home/el3ctrician/PrimaProva/PrimaProva.srcs/sources_1/ip/c_counter_binary_1/xbip_utils_v3_0_5/hdl/xbip_utils_v3_0_vh_rfs.vhd:597]
WARNING: [Synth 8-312] ignoring unsynthesizable construct: assertion statement [/home/el3ctrician/PrimaProva/PrimaProva.srcs/sources_1/ip/c_counter_binary_1/c_counter_binary_v12_0_8/hdl/c_counter_binary_v12_0_vh_rfs.vhd:524]
WARNING: [Synth 8-312] ignoring unsynthesizable construct: assertion statement [/home/el3ctrician/PrimaProva/PrimaProva.srcs/sources_1/ip/c_counter_binary_1/c_counter_binary_v12_0_8/hdl/c_counter_binary_v12_0_vh_rfs.vhd:528]
WARNING: [Synth 8-312] ignoring unsynthesizable construct: assertion statement [/home/el3ctrician/PrimaProva/PrimaProva.srcs/sources_1/ip/c_counter_binary_1/c_counter_binary_v12_0_8/hdl/c_counter_binary_v12_0_vh_rfs.vhd:532]
WARNING: [Synth 8-312] ignoring unsynthesizable construct: assertion statement [/home/el3ctrician/PrimaProva/PrimaProva.srcs/sources_1/ip/c_counter_binary_1/c_counter_binary_v12_0_8/hdl/c_counter_binary_v12_0_vh_rfs.vhd:535]
WARNING: [Synth 8-312] ignoring unsynthesizable construct: assertion statement [/home/el3ctrician/PrimaProva/PrimaProva.srcs/sources_1/ip/c_counter_binary_1/c_counter_binary_v12_0_8/hdl/c_counter_binary_v12_0_vh_rfs.vhd:538]
WARNING: [Synth 8-312] ignoring unsynthesizable construct: assertion statement [/home/el3ctrician/PrimaProva/PrimaProva.srcs/sources_1/ip/c_counter_binary_1/c_counter_binary_v12_0_8/hdl/c_counter_binary_v12_0_vh_rfs.vhd:541]
WARNING: [Synth 8-312] ignoring unsynthesizable construct: assertion statement [/home/el3ctrician/PrimaProva/PrimaProva.srcs/sources_1/ip/c_counter_binary_1/c_counter_binary_v12_0_8/hdl/c_counter_binary_v12_0_vh_rfs.vhd:544]
WARNING: [Synth 8-312] ignoring unsynthesizable construct: assertion statement [/home/el3ctrician/PrimaProva/PrimaProva.srcs/sources_1/ip/c_counter_binary_1/c_counter_binary_v12_0_8/hdl/c_counter_binary_v12_0_vh_rfs.vhd:548]
WARNING: [Synth 8-312] ignoring unsynthesizable construct: assertion statement [/home/el3ctrician/PrimaProva/PrimaProva.srcs/sources_1/ip/c_counter_binary_1/c_counter_binary_v12_0_8/hdl/c_counter_binary_v12_0_vh_rfs.vhd:551]
WARNING: [Synth 8-312] ignoring unsynthesizable construct: assertion statement [/home/el3ctrician/PrimaProva/PrimaProva.srcs/sources_1/ip/c_counter_binary_1/c_counter_binary_v12_0_8/hdl/c_counter_binary_v12_0_vh_rfs.vhd:554]
WARNING: [Synth 8-312] ignoring unsynthesizable construct: assertion statement [/home/el3ctrician/PrimaProva/PrimaProva.srcs/sources_1/ip/c_counter_binary_1/c_counter_binary_v12_0_8/hdl/c_counter_binary_v12_0_vh_rfs.vhd:557]
WARNING: [Synth 8-312] ignoring unsynthesizable construct: assertion statement [/home/el3ctrician/PrimaProva/PrimaProva.srcs/sources_1/ip/c_counter_binary_1/c_counter_binary_v12_0_8/hdl/c_counter_binary_v12_0_vh_rfs.vhd:560]
WARNING: [Synth 8-312] ignoring unsynthesizable construct: assertion statement [/home/el3ctrician/PrimaProva/PrimaProva.srcs/sources_1/ip/c_counter_binary_1/c_counter_binary_v12_0_8/hdl/c_counter_binary_v12_0_vh_rfs.vhd:563]
WARNING: [Synth 8-312] ignoring unsynthesizable construct: assertion statement [/home/el3ctrician/PrimaProva/PrimaProva.srcs/sources_1/ip/c_counter_binary_1/c_counter_binary_v12_0_8/hdl/c_counter_binary_v12_0_vh_rfs.vhd:566]
WARNING: [Synth 8-312] ignoring unsynthesizable construct: assertion statement [/home/el3ctrician/PrimaProva/PrimaProva.srcs/sources_1/ip/c_counter_binary_1/c_counter_binary_v12_0_8/hdl/c_counter_binary_v12_0_vh_rfs.vhd:569]
WARNING: [Synth 8-312] ignoring unsynthesizable construct: assertion statement [/home/el3ctrician/PrimaProva/PrimaProva.srcs/sources_1/ip/c_counter_binary_1/c_counter_binary_v12_0_8/hdl/c_counter_binary_v12_0_vh_rfs.vhd:572]
WARNING: [Synth 8-312] ignoring unsynthesizable construct: assertion statement [/home/el3ctrician/PrimaProva/PrimaProva.srcs/sources_1/ip/c_counter_binary_1/c_counter_binary_v12_0_8/hdl/c_counter_binary_v12_0_vh_rfs.vhd:575]
WARNING: [Synth 8-312] ignoring unsynthesizable construct: assertion statement [/home/el3ctrician/PrimaProva/PrimaProva.srcs/sources_1/ip/c_counter_binary_1/c_counter_binary_v12_0_8/hdl/c_counter_binary_v12_0_vh_rfs.vhd:578]
WARNING: [Synth 8-312] ignoring unsynthesizable construct: assertion statement [/home/el3ctrician/PrimaProva/PrimaProva.srcs/sources_1/ip/c_counter_binary_1/c_counter_binary_v12_0_8/hdl/c_counter_binary_v12_0_vh_rfs.vhd:591]
WARNING: [Synth 8-312] ignoring unsynthesizable construct: assertion statement [/home/el3ctrician/PrimaProva/PrimaProva.srcs/sources_1/ip/c_counter_binary_1/c_counter_binary_v12_0_8/hdl/c_counter_binary_v12_0_vh_rfs.vhd:596]
WARNING: [Synth 8-312] ignoring unsynthesizable construct: assertion statement [/home/el3ctrician/PrimaProva/PrimaProva.srcs/sources_1/ip/c_counter_binary_1/c_counter_binary_v12_0_8/hdl/c_counter_binary_v12_0_vh_rfs.vhd:601]
WARNING: [Synth 8-312] ignoring unsynthesizable construct: assertion statement [/home/el3ctrician/PrimaProva/PrimaProva.srcs/sources_1/ip/c_counter_binary_1/c_counter_binary_v12_0_8/hdl/c_counter_binary_v12_0_vh_rfs.vhd:605]
WARNING: [Synth 8-312] ignoring unsynthesizable construct: assertion statement [/home/el3ctrician/PrimaProva/PrimaProva.srcs/sources_1/ip/c_counter_binary_1/c_counter_binary_v12_0_8/hdl/c_counter_binary_v12_0_vh_rfs.vhd:610]
WARNING: [Synth 8-312] ignoring unsynthesizable construct: assertion statement [/home/el3ctrician/PrimaProva/PrimaProva.srcs/sources_1/ip/c_counter_binary_1/c_counter_binary_v12_0_8/hdl/c_counter_binary_v12_0_vh_rfs.vhd:615]
WARNING: [Synth 8-312] ignoring unsynthesizable construct: assertion statement [/home/el3ctrician/PrimaProva/PrimaProva.srcs/sources_1/ip/c_counter_binary_1/c_counter_binary_v12_0_8/hdl/c_counter_binary_v12_0_vh_rfs.vhd:632]
WARNING: [Synth 8-312] ignoring unsynthesizable construct: assertion statement [/home/el3ctrician/PrimaProva/PrimaProva.srcs/sources_1/ip/c_counter_binary_1/c_counter_binary_v12_0_8/hdl/c_counter_binary_v12_0_vh_rfs.vhd:638]
WARNING: [Synth 8-312] ignoring unsynthesizable construct: assertion statement [/home/el3ctrician/PrimaProva/PrimaProva.srcs/sources_1/ip/c_counter_binary_1/c_counter_binary_v12_0_8/hdl/c_counter_binary_v12_0_vh_rfs.vhd:658]
WARNING: [Synth 8-312] ignoring unsynthesizable construct: assertion statement [/home/el3ctrician/PrimaProva/PrimaProva.srcs/sources_1/ip/c_counter_binary_1/c_counter_binary_v12_0_8/hdl/c_counter_binary_v12_0_vh_rfs.vhd:663]
WARNING: [Synth 8-312] ignoring unsynthesizable construct: assertion statement [/home/el3ctrician/PrimaProva/PrimaProva.srcs/sources_1/ip/c_counter_binary_1/c_counter_binary_v12_0_8/hdl/c_counter_binary_v12_0_vh_rfs.vhd:668]
WARNING: [Synth 8-312] ignoring unsynthesizable construct: assertion statement [/home/el3ctrician/PrimaProva/PrimaProva.srcs/sources_1/ip/c_counter_binary_1/c_counter_binary_v12_0_8/hdl/c_counter_binary_v12_0_vh_rfs.vhd:674]
WARNING: [Synth 8-312] ignoring unsynthesizable construct: assertion statement [/home/el3ctrician/PrimaProva/PrimaProva.srcs/sources_1/ip/c_counter_binary_1/c_counter_binary_v12_0_8/hdl/c_counter_binary_v12_0_vh_rfs.vhd:677]
WARNING: [Synth 8-312] ignoring unsynthesizable construct: assertion statement [/home/el3ctrician/PrimaProva/PrimaProva.srcs/sources_1/ip/c_counter_binary_1/c_counter_binary_v12_0_8/hdl/c_counter_binary_v12_0_vh_rfs.vhd:681]
WARNING: [Synth 8-312] ignoring unsynthesizable construct: assertion statement [/home/el3ctrician/PrimaProva/PrimaProva.srcs/sources_1/ip/c_counter_binary_1/c_counter_binary_v12_0_8/hdl/c_counter_binary_v12_0_vh_rfs.vhd:686]
WARNING: [Synth 8-312] ignoring unsynthesizable construct: assertion statement [/home/el3ctrician/PrimaProva/PrimaProva.srcs/sources_1/ip/c_counter_binary_1/c_counter_binary_v12_0_8/hdl/c_counter_binary_v12_0_vh_rfs.vhd:691]
WARNING: [Synth 8-312] ignoring unsynthesizable construct: assertion statement [/home/el3ctrician/PrimaProva/PrimaProva.srcs/sources_1/ip/c_counter_binary_1/c_counter_binary_v12_0_8/hdl/c_counter_binary_v12_0_vh_rfs.vhd:696]
WARNING: [Synth 8-312] ignoring unsynthesizable construct: assertion statement [/home/el3ctrician/PrimaProva/PrimaProva.srcs/sources_1/ip/c_counter_binary_1/c_counter_binary_v12_0_8/hdl/c_counter_binary_v12_0_vh_rfs.vhd:701]
WARNING: [Synth 8-312] ignoring unsynthesizable construct: assertion statement [/home/el3ctrician/PrimaProva/PrimaProva.srcs/sources_1/ip/c_counter_binary_1/c_counter_binary_v12_0_8/hdl/c_counter_binary_v12_0_vh_rfs.vhd:707]
WARNING: [Synth 8-312] ignoring unsynthesizable construct: assertion statement [/home/el3ctrician/PrimaProva/PrimaProva.srcs/sources_1/ip/c_counter_binary_1/c_counter_binary_v12_0_8/hdl/c_counter_binary_v12_0_vh_rfs.vhd:710]
WARNING: [Synth 8-312] ignoring unsynthesizable construct: assertion statement [/home/el3ctrician/PrimaProva/PrimaProva.srcs/sources_1/ip/c_counter_binary_1/c_counter_binary_v12_0_8/hdl/c_counter_binary_v12_0_vh_rfs.vhd:713]
WARNING: [Synth 8-312] ignoring unsynthesizable construct: assertion statement [/home/el3ctrician/PrimaProva/PrimaProva.srcs/sources_1/ip/c_counter_binary_1/c_counter_binary_v12_0_8/hdl/c_counter_binary_v12_0_vh_rfs.vhd:718]
INFO: [Synth 8-3491] module 'c_addsub_v12_0_8_legacy' declared at '/home/el3ctrician/PrimaProva/PrimaProva.srcs/sources_1/ip/c_counter_binary_1/c_addsub_v12_0_8/hdl/c_addsub_v12_0_vh_rfs.vhd:5542' bound to instance 'the_addsub' of component 'c_addsub_v12_0_8_legacy' [/home/el3ctrician/PrimaProva/PrimaProva.srcs/sources_1/ip/c_counter_binary_1/c_counter_binary_v12_0_8/hdl/c_counter_binary_v12_0_vh_rfs.vhd:1109]
INFO: [Synth 8-638] synthesizing module 'c_addsub_v12_0_8_legacy' [/home/el3ctrician/PrimaProva/PrimaProva.srcs/sources_1/ip/c_counter_binary_1/c_addsub_v12_0_8/hdl/c_addsub_v12_0_vh_rfs.vhd:5618]
WARNING: [Synth 8-312] ignoring unsynthesizable construct: assertion statement [/home/el3ctrician/PrimaProva/PrimaProva.srcs/sources_1/ip/c_counter_binary_1/xbip_utils_v3_0_5/hdl/xbip_utils_v3_0_vh_rfs.vhd:594]
WARNING: [Synth 8-312] ignoring unsynthesizable construct: assertion statement [/home/el3ctrician/PrimaProva/PrimaProva.srcs/sources_1/ip/c_counter_binary_1/xbip_utils_v3_0_5/hdl/xbip_utils_v3_0_vh_rfs.vhd:597]
WARNING: [Synth 8-312] ignoring unsynthesizable construct: assertion statement [/home/el3ctrician/PrimaProva/PrimaProva.srcs/sources_1/ip/c_counter_binary_1/xbip_utils_v3_0_5/hdl/xbip_utils_v3_0_vh_rfs.vhd:594]
WARNING: [Synth 8-312] ignoring unsynthesizable construct: assertion statement [/home/el3ctrician/PrimaProva/PrimaProva.srcs/sources_1/ip/c_counter_binary_1/xbip_utils_v3_0_5/hdl/xbip_utils_v3_0_vh_rfs.vhd:597]
WARNING: [Synth 8-312] ignoring unsynthesizable construct: assertion statement [/home/el3ctrician/PrimaProva/PrimaProva.srcs/sources_1/ip/c_counter_binary_1/c_addsub_v12_0_8/hdl/c_addsub_v12_0_vh_rfs.vhd:1840]
WARNING: [Synth 8-312] ignoring unsynthesizable construct: assertion statement [/home/el3ctrician/PrimaProva/PrimaProva.srcs/sources_1/ip/c_counter_binary_1/c_addsub_v12_0_8/hdl/c_addsub_v12_0_vh_rfs.vhd:1843]
WARNING: [Synth 8-312] ignoring unsynthesizable construct: assertion statement [/home/el3ctrician/PrimaProva/PrimaProva.srcs/sources_1/ip/c_counter_binary_1/c_addsub_v12_0_8/hdl/c_addsub_v12_0_vh_rfs.vhd:1847]
WARNING: [Synth 8-312] ignoring unsynthesizable construct: assertion statement [/home/el3ctrician/PrimaProva/PrimaProva.srcs/sources_1/ip/c_counter_binary_1/c_addsub_v12_0_8/hdl/c_addsub_v12_0_vh_rfs.vhd:1850]
WARNING: [Synth 8-312] ignoring unsynthesizable construct: assertion statement [/home/el3ctrician/PrimaProva/PrimaProva.srcs/sources_1/ip/c_counter_binary_1/c_addsub_v12_0_8/hdl/c_addsub_v12_0_vh_rfs.vhd:1853]
WARNING: [Synth 8-312] ignoring unsynthesizable construct: assertion statement [/home/el3ctrician/PrimaProva/PrimaProva.srcs/sources_1/ip/c_counter_binary_1/c_addsub_v12_0_8/hdl/c_addsub_v12_0_vh_rfs.vhd:1856]
WARNING: [Synth 8-312] ignoring unsynthesizable construct: assertion statement [/home/el3ctrician/PrimaProva/PrimaProva.srcs/sources_1/ip/c_counter_binary_1/c_addsub_v12_0_8/hdl/c_addsub_v12_0_vh_rfs.vhd:1859]
WARNING: [Synth 8-312] ignoring unsynthesizable construct: assertion statement [/home/el3ctrician/PrimaProva/PrimaProva.srcs/sources_1/ip/c_counter_binary_1/c_addsub_v12_0_8/hdl/c_addsub_v12_0_vh_rfs.vhd:1862]
WARNING: [Synth 8-312] ignoring unsynthesizable construct: assertion statement [/home/el3ctrician/PrimaProva/PrimaProva.srcs/sources_1/ip/c_counter_binary_1/c_addsub_v12_0_8/hdl/c_addsub_v12_0_vh_rfs.vhd:1865]
WARNING: [Synth 8-312] ignoring unsynthesizable construct: assertion statement [/home/el3ctrician/PrimaProva/PrimaProva.srcs/sources_1/ip/c_counter_binary_1/c_addsub_v12_0_8/hdl/c_addsub_v12_0_vh_rfs.vhd:1868]
WARNING: [Synth 8-312] ignoring unsynthesizable construct: assertion statement [/home/el3ctrician/PrimaProva/PrimaProva.srcs/sources_1/ip/c_counter_binary_1/c_addsub_v12_0_8/hdl/c_addsub_v12_0_vh_rfs.vhd:1871]
WARNING: [Synth 8-312] ignoring unsynthesizable construct: assertion statement [/home/el3ctrician/PrimaProva/PrimaProva.srcs/sources_1/ip/c_counter_binary_1/c_addsub_v12_0_8/hdl/c_addsub_v12_0_vh_rfs.vhd:1874]
WARNING: [Synth 8-312] ignoring unsynthesizable construct: assertion statement [/home/el3ctrician/PrimaProva/PrimaProva.srcs/sources_1/ip/c_counter_binary_1/c_addsub_v12_0_8/hdl/c_addsub_v12_0_vh_rfs.vhd:1877]
WARNING: [Synth 8-312] ignoring unsynthesizable construct: assertion statement [/home/el3ctrician/PrimaProva/PrimaProva.srcs/sources_1/ip/c_counter_binary_1/c_addsub_v12_0_8/hdl/c_addsub_v12_0_vh_rfs.vhd:1880]
WARNING: [Synth 8-312] ignoring unsynthesizable construct: assertion statement [/home/el3ctrician/PrimaProva/PrimaProva.srcs/sources_1/ip/c_counter_binary_1/c_addsub_v12_0_8/hdl/c_addsub_v12_0_vh_rfs.vhd:1883]
WARNING: [Synth 8-312] ignoring unsynthesizable construct: assertion statement [/home/el3ctrician/PrimaProva/PrimaProva.srcs/sources_1/ip/c_counter_binary_1/c_addsub_v12_0_8/hdl/c_addsub_v12_0_vh_rfs.vhd:1886]
WARNING: [Synth 8-312] ignoring unsynthesizable construct: assertion statement [/home/el3ctrician/PrimaProva/PrimaProva.srcs/sources_1/ip/c_counter_binary_1/c_addsub_v12_0_8/hdl/c_addsub_v12_0_vh_rfs.vhd:1889]
WARNING: [Synth 8-312] ignoring unsynthesizable construct: assertion statement [/home/el3ctrician/PrimaProva/PrimaProva.srcs/sources_1/ip/c_counter_binary_1/c_addsub_v12_0_8/hdl/c_addsub_v12_0_vh_rfs.vhd:1892]
WARNING: [Synth 8-312] ignoring unsynthesizable construct: assertion statement [/home/el3ctrician/PrimaProva/PrimaProva.srcs/sources_1/ip/c_counter_binary_1/c_addsub_v12_0_8/hdl/c_addsub_v12_0_vh_rfs.vhd:1895]
WARNING: [Synth 8-312] ignoring unsynthesizable construct: assertion statement [/home/el3ctrician/PrimaProva/PrimaProva.srcs/sources_1/ip/c_counter_binary_1/c_addsub_v12_0_8/hdl/c_addsub_v12_0_vh_rfs.vhd:1898]
WARNING: [Synth 8-312] ignoring unsynthesizable construct: assertion statement [/home/el3ctrician/PrimaProva/PrimaProva.srcs/sources_1/ip/c_counter_binary_1/c_addsub_v12_0_8/hdl/c_addsub_v12_0_vh_rfs.vhd:1901]
WARNING: [Synth 8-312] ignoring unsynthesizable construct: assertion statement [/home/el3ctrician/PrimaProva/PrimaProva.srcs/sources_1/ip/c_counter_binary_1/c_addsub_v12_0_8/hdl/c_addsub_v12_0_vh_rfs.vhd:1904]
WARNING: [Synth 8-312] ignoring unsynthesizable construct: assertion statement [/home/el3ctrician/PrimaProva/PrimaProva.srcs/sources_1/ip/c_counter_binary_1/c_addsub_v12_0_8/hdl/c_addsub_v12_0_vh_rfs.vhd:1907]
WARNING: [Synth 8-312] ignoring unsynthesizable construct: assertion statement [/home/el3ctrician/PrimaProva/PrimaProva.srcs/sources_1/ip/c_counter_binary_1/c_addsub_v12_0_8/hdl/c_addsub_v12_0_vh_rfs.vhd:1910]
WARNING: [Synth 8-312] ignoring unsynthesizable construct: assertion statement [/home/el3ctrician/PrimaProva/PrimaProva.srcs/sources_1/ip/c_counter_binary_1/c_addsub_v12_0_8/hdl/c_addsub_v12_0_vh_rfs.vhd:1913]
WARNING: [Synth 8-312] ignoring unsynthesizable construct: assertion statement [/home/el3ctrician/PrimaProva/PrimaProva.srcs/sources_1/ip/c_counter_binary_1/c_addsub_v12_0_8/hdl/c_addsub_v12_0_vh_rfs.vhd:1916]
WARNING: [Synth 8-312] ignoring unsynthesizable construct: assertion statement [/home/el3ctrician/PrimaProva/PrimaProva.srcs/sources_1/ip/c_counter_binary_1/c_addsub_v12_0_8/hdl/c_addsub_v12_0_vh_rfs.vhd:1919]
WARNING: [Synth 8-312] ignoring unsynthesizable construct: assertion statement [/home/el3ctrician/PrimaProva/PrimaProva.srcs/sources_1/ip/c_counter_binary_1/c_addsub_v12_0_8/hdl/c_addsub_v12_0_vh_rfs.vhd:1922]
WARNING: [Synth 8-312] ignoring unsynthesizable construct: assertion statement [/home/el3ctrician/PrimaProva/PrimaProva.srcs/sources_1/ip/c_counter_binary_1/c_addsub_v12_0_8/hdl/c_addsub_v12_0_vh_rfs.vhd:1925]
WARNING: [Synth 8-312] ignoring unsynthesizable construct: assertion statement [/home/el3ctrician/PrimaProva/PrimaProva.srcs/sources_1/ip/c_counter_binary_1/c_addsub_v12_0_8/hdl/c_addsub_v12_0_vh_rfs.vhd:1928]
WARNING: [Synth 8-312] ignoring unsynthesizable construct: assertion statement [/home/el3ctrician/PrimaProva/PrimaProva.srcs/sources_1/ip/c_counter_binary_1/c_addsub_v12_0_8/hdl/c_addsub_v12_0_vh_rfs.vhd:1931]
WARNING: [Synth 8-312] ignoring unsynthesizable construct: assertion statement [/home/el3ctrician/PrimaProva/PrimaProva.srcs/sources_1/ip/c_counter_binary_1/c_addsub_v12_0_8/hdl/c_addsub_v12_0_vh_rfs.vhd:1934]
WARNING: [Synth 8-312] ignoring unsynthesizable construct: assertion statement [/home/el3ctrician/PrimaProva/PrimaProva.srcs/sources_1/ip/c_counter_binary_1/c_addsub_v12_0_8/hdl/c_addsub_v12_0_vh_rfs.vhd:1939]
WARNING: [Synth 8-312] ignoring unsynthesizable construct: assertion statement [/home/el3ctrician/PrimaProva/PrimaProva.srcs/sources_1/ip/c_counter_binary_1/c_addsub_v12_0_8/hdl/c_addsub_v12_0_vh_rfs.vhd:1944]
WARNING: [Synth 8-312] ignoring unsynthesizable construct: assertion statement [/home/el3ctrician/PrimaProva/PrimaProva.srcs/sources_1/ip/c_counter_binary_1/c_addsub_v12_0_8/hdl/c_addsub_v12_0_vh_rfs.vhd:1947]
WARNING: [Synth 8-312] ignoring unsynthesizable construct: assertion statement [/home/el3ctrician/PrimaProva/PrimaProva.srcs/sources_1/ip/c_counter_binary_1/c_addsub_v12_0_8/hdl/c_addsub_v12_0_vh_rfs.vhd:1952]
WARNING: [Synth 8-312] ignoring unsynthesizable construct: assertion statement [/home/el3ctrician/PrimaProva/PrimaProva.srcs/sources_1/ip/c_counter_binary_1/c_addsub_v12_0_8/hdl/c_addsub_v12_0_vh_rfs.vhd:1961]
WARNING: [Synth 8-312] ignoring unsynthesizable construct: assertion statement [/home/el3ctrician/PrimaProva/PrimaProva.srcs/sources_1/ip/c_counter_binary_1/c_addsub_v12_0_8/hdl/c_addsub_v12_0_vh_rfs.vhd:1965]
WARNING: [Synth 8-312] ignoring unsynthesizable construct: assertion statement [/home/el3ctrician/PrimaProva/PrimaProva.srcs/sources_1/ip/c_counter_binary_1/c_addsub_v12_0_8/hdl/c_addsub_v12_0_vh_rfs.vhd:2008]
INFO: [Synth 8-3491] module 'c_addsub_v12_0_8_fabric_legacy' declared at '/home/el3ctrician/PrimaProva/PrimaProva.srcs/sources_1/ip/c_counter_binary_1/c_addsub_v12_0_8/hdl/c_addsub_v12_0_vh_rfs.vhd:5278' bound to instance 'the_addsub' of component 'c_addsub_v12_0_8_fabric_legacy' [/home/el3ctrician/PrimaProva/PrimaProva.srcs/sources_1/ip/c_counter_binary_1/c_addsub_v12_0_8/hdl/c_addsub_v12_0_vh_rfs.vhd:5909]
INFO: [Synth 8-638] synthesizing module 'c_addsub_v12_0_8_fabric_legacy' [/home/el3ctrician/PrimaProva/PrimaProva.srcs/sources_1/ip/c_counter_binary_1/c_addsub_v12_0_8/hdl/c_addsub_v12_0_vh_rfs.vhd:5330]
INFO: [Synth 8-3491] module 'c_addsub_v12_0_8_lut6_legacy' declared at '/home/el3ctrician/PrimaProva/PrimaProva.srcs/sources_1/ip/c_counter_binary_1/c_addsub_v12_0_8/hdl/c_addsub_v12_0_vh_rfs.vhd:2291' bound to instance 'i_lut6_addsub' of component 'c_addsub_v12_0_8_lut6_legacy' [/home/el3ctrician/PrimaProva/PrimaProva.srcs/sources_1/ip/c_counter_binary_1/c_addsub_v12_0_8/hdl/c_addsub_v12_0_vh_rfs.vhd:5347]
INFO: [Synth 8-638] synthesizing module 'c_addsub_v12_0_8_lut6_legacy' [/home/el3ctrician/PrimaProva/PrimaProva.srcs/sources_1/ip/c_counter_binary_1/c_addsub_v12_0_8/hdl/c_addsub_v12_0_vh_rfs.vhd:2343]
WARNING: [Synth 8-312] ignoring unsynthesizable construct: assertion statement [/home/el3ctrician/PrimaProva/PrimaProva.srcs/sources_1/ip/c_counter_binary_1/xbip_utils_v3_0_5/hdl/xbip_utils_v3_0_vh_rfs.vhd:594]
WARNING: [Synth 8-312] ignoring unsynthesizable construct: assertion statement [/home/el3ctrician/PrimaProva/PrimaProva.srcs/sources_1/ip/c_counter_binary_1/xbip_utils_v3_0_5/hdl/xbip_utils_v3_0_vh_rfs.vhd:597]
WARNING: [Synth 8-312] ignoring unsynthesizable construct: assertion statement [/home/el3ctrician/PrimaProva/PrimaProva.srcs/sources_1/ip/c_counter_binary_1/c_addsub_v12_0_8/hdl/c_addsub_v12_0_vh_rfs.vhd:2386]
WARNING: [Synth 8-312] ignoring unsynthesizable construct: assertion statement [/home/el3ctrician/PrimaProva/PrimaProva.srcs/sources_1/ip/c_counter_binary_1/c_addsub_v12_0_8/hdl/c_addsub_v12_0_vh_rfs.vhd:2390]
INFO: [Synth 8-3491] module 'c_reg_fd_v12_0_1_viv' declared at '/home/el3ctrician/PrimaProva/PrimaProva.srcs/sources_1/ip/c_counter_binary_1/c_reg_fd_v12_0_1/hdl/c_reg_fd_v12_0_vh_rfs.vhd:331' bound to instance 'qreg' of component 'c_reg_fd_v12_0_1_viv' [/home/el3ctrician/PrimaProva/PrimaProva.srcs/sources_1/ip/c_counter_binary_1/c_addsub_v12_0_8/hdl/c_addsub_v12_0_vh_rfs.vhd:2940]
INFO: [Synth 8-638] synthesizing module 'c_reg_fd_v12_0_1_viv' [/home/el3ctrician/PrimaProva/PrimaProva.srcs/sources_1/ip/c_counter_binary_1/c_reg_fd_v12_0_1/hdl/c_reg_fd_v12_0_vh_rfs.vhd:361]
WARNING: [Synth 8-312] ignoring unsynthesizable construct: assertion statement [/home/el3ctrician/PrimaProva/PrimaProva.srcs/sources_1/ip/c_counter_binary_1/c_reg_fd_v12_0_1/hdl/c_reg_fd_v12_0_vh_rfs.vhd:377]
WARNING: [Synth 8-312] ignoring unsynthesizable construct: assertion statement [/home/el3ctrician/PrimaProva/PrimaProva.srcs/sources_1/ip/c_counter_binary_1/c_reg_fd_v12_0_1/hdl/c_reg_fd_v12_0_vh_rfs.vhd:378]
WARNING: [Synth 8-312] ignoring unsynthesizable construct: assertion statement [/home/el3ctrician/PrimaProva/PrimaProva.srcs/sources_1/ip/c_counter_binary_1/c_reg_fd_v12_0_1/hdl/c_reg_fd_v12_0_vh_rfs.vhd:379]
WARNING: [Synth 8-312] ignoring unsynthesizable construct: assertion statement [/home/el3ctrician/PrimaProva/PrimaProva.srcs/sources_1/ip/c_counter_binary_1/c_reg_fd_v12_0_1/hdl/c_reg_fd_v12_0_vh_rfs.vhd:380]
WARNING: [Synth 8-312] ignoring unsynthesizable construct: assertion statement [/home/el3ctrician/PrimaProva/PrimaProva.srcs/sources_1/ip/c_counter_binary_1/c_reg_fd_v12_0_1/hdl/c_reg_fd_v12_0_vh_rfs.vhd:381]
WARNING: [Synth 8-312] ignoring unsynthesizable construct: assertion statement [/home/el3ctrician/PrimaProva/PrimaProva.srcs/sources_1/ip/c_counter_binary_1/c_reg_fd_v12_0_1/hdl/c_reg_fd_v12_0_vh_rfs.vhd:382]
WARNING: [Synth 8-312] ignoring unsynthesizable construct: assertion statement [/home/el3ctrician/PrimaProva/PrimaProva.srcs/sources_1/ip/c_counter_binary_1/c_reg_fd_v12_0_1/hdl/c_reg_fd_v12_0_vh_rfs.vhd:383]
INFO: [Common 17-14] Message 'Synth 8-312' appears 100 times and further instances of the messages will be disabled. Use the Tcl command set_msg_config to change the current settings.
INFO: [Synth 8-256] done synthesizing module 'c_reg_fd_v12_0_1_viv' (1#1) [/home/el3ctrician/PrimaProva/PrimaProva.srcs/sources_1/ip/c_counter_binary_1/c_reg_fd_v12_0_1/hdl/c_reg_fd_v12_0_vh_rfs.vhd:361]
INFO: [Synth 8-113] binding component instance 'carrymux0' to cell 'MUXCY' [/home/el3ctrician/PrimaProva/PrimaProva.srcs/sources_1/ip/c_counter_binary_1/c_addsub_v12_0_8/hdl/c_addsub_v12_0_vh_rfs.vhd:3264]
INFO: [Synth 8-113] binding component instance 'carryxor0' to cell 'XORCY' [/home/el3ctrician/PrimaProva/PrimaProva.srcs/sources_1/ip/c_counter_binary_1/c_addsub_v12_0_8/hdl/c_addsub_v12_0_vh_rfs.vhd:3272]
INFO: [Synth 8-113] binding component instance 'carryxortop' to cell 'XORCY' [/home/el3ctrician/PrimaProva/PrimaProva.srcs/sources_1/ip/c_counter_binary_1/c_addsub_v12_0_8/hdl/c_addsub_v12_0_vh_rfs.vhd:3284]
INFO: [Synth 8-113] binding component instance 'carrymux' to cell 'MUXCY' [/home/el3ctrician/PrimaProva/PrimaProva.srcs/sources_1/ip/c_counter_binary_1/c_addsub_v12_0_8/hdl/c_addsub_v12_0_vh_rfs.vhd:3306]
INFO: [Synth 8-113] binding component instance 'carryxor' to cell 'XORCY' [/home/el3ctrician/PrimaProva/PrimaProva.srcs/sources_1/ip/c_counter_binary_1/c_addsub_v12_0_8/hdl/c_addsub_v12_0_vh_rfs.vhd:3314]
INFO: [Synth 8-113] binding component instance 'carrymux' to cell 'MUXCY' [/home/el3ctrician/PrimaProva/PrimaProva.srcs/sources_1/ip/c_counter_binary_1/c_addsub_v12_0_8/hdl/c_addsub_v12_0_vh_rfs.vhd:3306]
INFO: [Synth 8-113] binding component instance 'carryxor' to cell 'XORCY' [/home/el3ctrician/PrimaProva/PrimaProva.srcs/sources_1/ip/c_counter_binary_1/c_addsub_v12_0_8/hdl/c_addsub_v12_0_vh_rfs.vhd:3314]
INFO: [Synth 8-113] binding component instance 'carrymux' to cell 'MUXCY' [/home/el3ctrician/PrimaProva/PrimaProva.srcs/sources_1/ip/c_counter_binary_1/c_addsub_v12_0_8/hdl/c_addsub_v12_0_vh_rfs.vhd:3306]
INFO: [Synth 8-113] binding component instance 'carryxor' to cell 'XORCY' [/home/el3ctrician/PrimaProva/PrimaProva.srcs/sources_1/ip/c_counter_binary_1/c_addsub_v12_0_8/hdl/c_addsub_v12_0_vh_rfs.vhd:3314]
INFO: [Synth 8-113] binding component instance 'carrymux' to cell 'MUXCY' [/home/el3ctrician/PrimaProva/PrimaProva.srcs/sources_1/ip/c_counter_binary_1/c_addsub_v12_0_8/hdl/c_addsub_v12_0_vh_rfs.vhd:3306]
INFO: [Synth 8-113] binding component instance 'carryxor' to cell 'XORCY' [/home/el3ctrician/PrimaProva/PrimaProva.srcs/sources_1/ip/c_counter_binary_1/c_addsub_v12_0_8/hdl/c_addsub_v12_0_vh_rfs.vhd:3314]
INFO: [Synth 8-113] binding component instance 'carrymux' to cell 'MUXCY' [/home/el3ctrician/PrimaProva/PrimaProva.srcs/sources_1/ip/c_counter_binary_1/c_addsub_v12_0_8/hdl/c_addsub_v12_0_vh_rfs.vhd:3306]
INFO: [Synth 8-113] binding component instance 'carryxor' to cell 'XORCY' [/home/el3ctrician/PrimaProva/PrimaProva.srcs/sources_1/ip/c_counter_binary_1/c_addsub_v12_0_8/hdl/c_addsub_v12_0_vh_rfs.vhd:3314]
INFO: [Synth 8-113] binding component instance 'carrymux' to cell 'MUXCY' [/home/el3ctrician/PrimaProva/PrimaProva.srcs/sources_1/ip/c_counter_binary_1/c_addsub_v12_0_8/hdl/c_addsub_v12_0_vh_rfs.vhd:3306]
INFO: [Synth 8-113] binding component instance 'carryxor' to cell 'XORCY' [/home/el3ctrician/PrimaProva/PrimaProva.srcs/sources_1/ip/c_counter_binary_1/c_addsub_v12_0_8/hdl/c_addsub_v12_0_vh_rfs.vhd:3314]
INFO: [Synth 8-113] binding component instance 'carrymux' to cell 'MUXCY' [/home/el3ctrician/PrimaProva/PrimaProva.srcs/sources_1/ip/c_counter_binary_1/c_addsub_v12_0_8/hdl/c_addsub_v12_0_vh_rfs.vhd:3306]
INFO: [Synth 8-113] binding component instance 'carryxor' to cell 'XORCY' [/home/el3ctrician/PrimaProva/PrimaProva.srcs/sources_1/ip/c_counter_binary_1/c_addsub_v12_0_8/hdl/c_addsub_v12_0_vh_rfs.vhd:3314]
INFO: [Synth 8-113] binding component instance 'carrymux' to cell 'MUXCY' [/home/el3ctrician/PrimaProva/PrimaProva.srcs/sources_1/ip/c_counter_binary_1/c_addsub_v12_0_8/hdl/c_addsub_v12_0_vh_rfs.vhd:3306]
INFO: [Synth 8-113] binding component instance 'carryxor' to cell 'XORCY' [/home/el3ctrician/PrimaProva/PrimaProva.srcs/sources_1/ip/c_counter_binary_1/c_addsub_v12_0_8/hdl/c_addsub_v12_0_vh_rfs.vhd:3314]
INFO: [Synth 8-113] binding component instance 'carrymux' to cell 'MUXCY' [/home/el3ctrician/PrimaProva/PrimaProva.srcs/sources_1/ip/c_counter_binary_1/c_addsub_v12_0_8/hdl/c_addsub_v12_0_vh_rfs.vhd:3306]
INFO: [Synth 8-113] binding component instance 'carryxor' to cell 'XORCY' [/home/el3ctrician/PrimaProva/PrimaProva.srcs/sources_1/ip/c_counter_binary_1/c_addsub_v12_0_8/hdl/c_addsub_v12_0_vh_rfs.vhd:3314]
INFO: [Synth 8-256] done synthesizing module 'c_addsub_v12_0_8_lut6_legacy' (2#1) [/home/el3ctrician/PrimaProva/PrimaProva.srcs/sources_1/ip/c_counter_binary_1/c_addsub_v12_0_8/hdl/c_addsub_v12_0_vh_rfs.vhd:2343]
INFO: [Synth 8-256] done synthesizing module 'c_addsub_v12_0_8_fabric_legacy' (3#1) [/home/el3ctrician/PrimaProva/PrimaProva.srcs/sources_1/ip/c_counter_binary_1/c_addsub_v12_0_8/hdl/c_addsub_v12_0_vh_rfs.vhd:5330]
INFO: [Synth 8-256] done synthesizing module 'c_addsub_v12_0_8_legacy' (4#1) [/home/el3ctrician/PrimaProva/PrimaProva.srcs/sources_1/ip/c_counter_binary_1/c_addsub_v12_0_8/hdl/c_addsub_v12_0_vh_rfs.vhd:5618]
INFO: [Synth 8-256] done synthesizing module 'c_counter_binary_v12_0_8_legacy' (5#1) [/home/el3ctrician/PrimaProva/PrimaProva.srcs/sources_1/ip/c_counter_binary_1/c_counter_binary_v12_0_8/hdl/c_counter_binary_v12_0_vh_rfs.vhd:390]
INFO: [Synth 8-256] done synthesizing module 'c_counter_binary_v12_0_8_viv' (6#1) [/home/el3ctrician/PrimaProva/PrimaProva.srcs/sources_1/ip/c_counter_binary_1/c_counter_binary_v12_0_8/hdl/c_counter_binary_v12_0_vh_rfs.vhd:1920]
INFO: [Synth 8-256] done synthesizing module 'c_counter_binary_v12_0_8' (7#1) [/home/el3ctrician/PrimaProva/PrimaProva.srcs/sources_1/ip/c_counter_binary_1/c_counter_binary_v12_0_8/hdl/c_counter_binary_v12_0.vhd:157]
INFO: [Synth 8-256] done synthesizing module 'c_counter_binary_1' (8#1) [/home/el3ctrician/PrimaProva/PrimaProva.srcs/sources_1/ip/c_counter_binary_1/synth/c_counter_binary_1.vhd:69]
---------------------------------------------------------------------------------
Finished RTL Elaboration : Time (s): cpu = 00:00:14 ; elapsed = 00:00:14 . Memory (MB): peak = 1056.129 ; gain = 217.410 ; free physical = 993 ; free virtual = 5675
---------------------------------------------------------------------------------

Report Check Netlist: 
+------+------------------+-------+---------+-------+------------------+
|      |Item              |Errors |Warnings |Status |Description       |
+------+------------------+-------+---------+-------+------------------+
|1     |multi_driven_nets |      0|        0|Passed |Multi driven nets |
+------+------------------+-------+---------+-------+------------------+
---------------------------------------------------------------------------------
Finished RTL Optimization Phase 1 : Time (s): cpu = 00:00:14 ; elapsed = 00:00:15 . Memory (MB): peak = 1056.129 ; gain = 217.410 ; free physical = 993 ; free virtual = 5675
---------------------------------------------------------------------------------
INFO: [Netlist 29-17] Analyzing 21 Unisim elements for replacement
INFO: [Netlist 29-28] Unisim Transformation completed in 0 CPU seconds
INFO: [Device 21-403] Loading part xc7a100tcsg324-2
INFO: [Project 1-570] Preparing netlist for logic optimization

Processing XDC Constraints
Initializing timing engine
Parsing XDC File [/home/el3ctrician/PrimaProva/PrimaProva.srcs/sources_1/ip/c_counter_binary_1/c_counter_binary_1_ooc.xdc] for cell 'U0'
Finished Parsing XDC File [/home/el3ctrician/PrimaProva/PrimaProva.srcs/sources_1/ip/c_counter_binary_1/c_counter_binary_1_ooc.xdc] for cell 'U0'
Parsing XDC File [/home/el3ctrician/PrimaProva/PrimaProva.runs/c_counter_binary_1_synth_1/dont_touch.xdc]
Finished Parsing XDC File [/home/el3ctrician/PrimaProva/PrimaProva.runs/c_counter_binary_1_synth_1/dont_touch.xdc]
Completed Processing XDC Constraints

INFO: [Project 1-111] Unisim Transformation Summary:
No Unisim elements were transformed.

Constraint Validation Runtime : Time (s): cpu = 00:00:00.01 ; elapsed = 00:00:00.01 . Memory (MB): peak = 1343.566 ; gain = 0.000 ; free physical = 810 ; free virtual = 5492
INFO: Launching helper process for spawning children vivado processes
INFO: Helper process launched with PID 3054 
---------------------------------------------------------------------------------
Finished Constraint Validation : Time (s): cpu = 00:00:26 ; elapsed = 00:00:27 . Memory (MB): peak = 1343.570 ; gain = 504.852 ; free physical = 773 ; free virtual = 5456
---------------------------------------------------------------------------------
---------------------------------------------------------------------------------
Start Loading Part and Timing Information
---------------------------------------------------------------------------------
Loading part: xc7a100tcsg324-2
---------------------------------------------------------------------------------
Finished Loading Part and Timing Information : Time (s): cpu = 00:00:26 ; elapsed = 00:00:27 . Memory (MB): peak = 1343.570 ; gain = 504.852 ; free physical = 773 ; free virtual = 5456
---------------------------------------------------------------------------------
---------------------------------------------------------------------------------
Start Applying 'set_property' XDC Constraints
---------------------------------------------------------------------------------
Applied set_property DONT_TOUCH = true for U0. (constraint file  auto generated constraint, line ).
---------------------------------------------------------------------------------
Finished applying 'set_property' XDC Constraints : Time (s): cpu = 00:00:26 ; elapsed = 00:00:27 . Memory (MB): peak = 1343.570 ; gain = 504.852 ; free physical = 773 ; free virtual = 5456
---------------------------------------------------------------------------------
---------------------------------------------------------------------------------
Finished RTL Optimization Phase 2 : Time (s): cpu = 00:00:26 ; elapsed = 00:00:27 . Memory (MB): peak = 1343.570 ; gain = 504.852 ; free physical = 765 ; free virtual = 5448
---------------------------------------------------------------------------------

Report RTL Partitions: 
+-+--------------+------------+----------+
| |RTL Partition |Replication |Instances |
+-+--------------+------------+----------+
+-+--------------+------------+----------+
---------------------------------------------------------------------------------
Start RTL Component Statistics 
---------------------------------------------------------------------------------
---------------------------------------------------------------------------------
Finished RTL Component Statistics 
---------------------------------------------------------------------------------
---------------------------------------------------------------------------------
Start RTL Hierarchical Component Statistics 
---------------------------------------------------------------------------------
---------------------------------------------------------------------------------
Finished RTL Hierarchical Component Statistics
---------------------------------------------------------------------------------
---------------------------------------------------------------------------------
Start Part Resource Summary
---------------------------------------------------------------------------------
Part Resources:
DSPs: 240 (col length:80)
BRAMs: 270 (col length: RAMB18 80 RAMB36 40)
---------------------------------------------------------------------------------
Finished Part Resource Summary
---------------------------------------------------------------------------------
Start Parallel Synthesis Optimization  : Time (s): cpu = 00:00:27 ; elapsed = 00:00:27 . Memory (MB): peak = 1343.574 ; gain = 504.855 ; free physical = 765 ; free virtual = 5448
---------------------------------------------------------------------------------
Start Cross Boundary Optimization
---------------------------------------------------------------------------------
---------------------------------------------------------------------------------
Finished Cross Boundary Optimization : Time (s): cpu = 00:00:27 ; elapsed = 00:00:27 . Memory (MB): peak = 1343.574 ; gain = 504.855 ; free physical = 759 ; free virtual = 5442
---------------------------------------------------------------------------------
Finished Parallel Reinference  : Time (s): cpu = 00:00:27 ; elapsed = 00:00:27 . Memory (MB): peak = 1343.574 ; gain = 504.855 ; free physical = 759 ; free virtual = 5442

Report RTL Partitions: 
+-+--------------+------------+----------+
| |RTL Partition |Replication |Instances |
+-+--------------+------------+----------+
+-+--------------+------------+----------+
---------------------------------------------------------------------------------
Start Area Optimization
---------------------------------------------------------------------------------
---------------------------------------------------------------------------------
Finished Area Optimization : Time (s): cpu = 00:00:27 ; elapsed = 00:00:28 . Memory (MB): peak = 1343.574 ; gain = 504.855 ; free physical = 742 ; free virtual = 5426
---------------------------------------------------------------------------------
Finished Parallel Area Optimization  : Time (s): cpu = 00:00:27 ; elapsed = 00:00:28 . Memory (MB): peak = 1343.574 ; gain = 504.855 ; free physical = 742 ; free virtual = 5426

Report RTL Partitions: 
+-+--------------+------------+----------+
| |RTL Partition |Replication |Instances |
+-+--------------+------------+----------+
+-+--------------+------------+----------+
---------------------------------------------------------------------------------
Start Timing Optimization
---------------------------------------------------------------------------------
---------------------------------------------------------------------------------
Start Applying XDC Timing Constraints
---------------------------------------------------------------------------------
---------------------------------------------------------------------------------
Finished Applying XDC Timing Constraints : Time (s): cpu = 00:00:38 ; elapsed = 00:00:39 . Memory (MB): peak = 1343.574 ; gain = 504.855 ; free physical = 689 ; free virtual = 5373
---------------------------------------------------------------------------------
---------------------------------------------------------------------------------
Finished Timing Optimization : Time (s): cpu = 00:00:38 ; elapsed = 00:00:39 . Memory (MB): peak = 1343.574 ; gain = 504.855 ; free physical = 689 ; free virtual = 5373
---------------------------------------------------------------------------------

Report RTL Partitions: 
+-+--------------+------------+----------+
| |RTL Partition |Replication |Instances |
+-+--------------+------------+----------+
+-+--------------+------------+----------+
---------------------------------------------------------------------------------
Start Technology Mapping
---------------------------------------------------------------------------------
---------------------------------------------------------------------------------
Finished Technology Mapping : Time (s): cpu = 00:00:38 ; elapsed = 00:00:39 . Memory (MB): peak = 1343.574 ; gain = 504.855 ; free physical = 669 ; free virtual = 5354
---------------------------------------------------------------------------------
Finished Parallel Technology Mapping Optimization  : Time (s): cpu = 00:00:38 ; elapsed = 00:00:39 . Memory (MB): peak = 1343.574 ; gain = 504.855 ; free physical = 669 ; free virtual = 5354

Report RTL Partitions: 
+-+--------------+------------+----------+
| |RTL Partition |Replication |Instances |
+-+--------------+------------+----------+
+-+--------------+------------+----------+
Finished Parallel Synthesis Optimization  : Time (s): cpu = 00:00:38 ; elapsed = 00:00:39 . Memory (MB): peak = 1343.574 ; gain = 504.855 ; free physical = 669 ; free virtual = 5354
---------------------------------------------------------------------------------
Start IO Insertion
---------------------------------------------------------------------------------
---------------------------------------------------------------------------------
Start Flattening Before IO Insertion
---------------------------------------------------------------------------------
---------------------------------------------------------------------------------
Finished Flattening Before IO Insertion
---------------------------------------------------------------------------------
---------------------------------------------------------------------------------
Start Final Netlist Cleanup
---------------------------------------------------------------------------------
---------------------------------------------------------------------------------
Finished Final Netlist Cleanup
---------------------------------------------------------------------------------
---------------------------------------------------------------------------------
Finished IO Insertion : Time (s): cpu = 00:00:39 ; elapsed = 00:00:40 . Memory (MB): peak = 1343.574 ; gain = 504.855 ; free physical = 669 ; free virtual = 5353
---------------------------------------------------------------------------------

Report Check Netlist: 
+------+------------------+-------+---------+-------+------------------+
|      |Item              |Errors |Warnings |Status |Description       |
+------+------------------+-------+---------+-------+------------------+
|1     |multi_driven_nets |      0|        0|Passed |Multi driven nets |
+------+------------------+-------+---------+-------+------------------+
---------------------------------------------------------------------------------
Start Renaming Generated Instances
---------------------------------------------------------------------------------
---------------------------------------------------------------------------------
Finished Renaming Generated Instances : Time (s): cpu = 00:00:39 ; elapsed = 00:00:40 . Memory (MB): peak = 1343.574 ; gain = 504.855 ; free physical = 669 ; free virtual = 5353
---------------------------------------------------------------------------------

Report RTL Partitions: 
+-+--------------+------------+----------+
| |RTL Partition |Replication |Instances |
+-+--------------+------------+----------+
+-+--------------+------------+----------+
---------------------------------------------------------------------------------
Start Rebuilding User Hierarchy
---------------------------------------------------------------------------------
---------------------------------------------------------------------------------
Finished Rebuilding User Hierarchy : Time (s): cpu = 00:00:39 ; elapsed = 00:00:40 . Memory (MB): peak = 1343.574 ; gain = 504.855 ; free physical = 669 ; free virtual = 5353
---------------------------------------------------------------------------------
---------------------------------------------------------------------------------
Start Renaming Generated Ports
---------------------------------------------------------------------------------
---------------------------------------------------------------------------------
Finished Renaming Generated Ports : Time (s): cpu = 00:00:39 ; elapsed = 00:00:40 . Memory (MB): peak = 1343.574 ; gain = 504.855 ; free physical = 669 ; free virtual = 5353
---------------------------------------------------------------------------------
---------------------------------------------------------------------------------
Start Handling Custom Attributes
---------------------------------------------------------------------------------
---------------------------------------------------------------------------------
Finished Handling Custom Attributes : Time (s): cpu = 00:00:39 ; elapsed = 00:00:40 . Memory (MB): peak = 1343.574 ; gain = 504.855 ; free physical = 668 ; free virtual = 5352
---------------------------------------------------------------------------------
---------------------------------------------------------------------------------
Start Renaming Generated Nets
---------------------------------------------------------------------------------
---------------------------------------------------------------------------------
Finished Renaming Generated Nets : Time (s): cpu = 00:00:39 ; elapsed = 00:00:40 . Memory (MB): peak = 1343.574 ; gain = 504.855 ; free physical = 668 ; free virtual = 5352
---------------------------------------------------------------------------------
---------------------------------------------------------------------------------
Start Writing Synthesis Report
---------------------------------------------------------------------------------

Report BlackBoxes: 
+-+--------------+----------+
| |BlackBox name |Instances |
+-+--------------+----------+
+-+--------------+----------+

Report Cell Usage: 
+------+------+------+
|      |Cell  |Count |
+------+------+------+
|1     |LUT1  |     1|
|2     |LUT4  |     2|
|3     |LUT5  |     2|
|4     |LUT6  |     2|
|5     |MUXCY |    10|
|6     |XORCY |    11|
|7     |FDRE  |    12|
+------+------+------+
---------------------------------------------------------------------------------
Finished Writing Synthesis Report : Time (s): cpu = 00:00:39 ; elapsed = 00:00:40 . Memory (MB): peak = 1343.574 ; gain = 504.855 ; free physical = 668 ; free virtual = 5352
---------------------------------------------------------------------------------
Synthesis finished with 0 errors, 0 critical warnings and 0 warnings.
Synthesis Optimization Runtime : Time (s): cpu = 00:00:31 ; elapsed = 00:00:31 . Memory (MB): peak = 1343.574 ; gain = 99.387 ; free physical = 662 ; free virtual = 5346
Synthesis Optimization Complete : Time (s): cpu = 00:00:39 ; elapsed = 00:00:40 . Memory (MB): peak = 1343.574 ; gain = 504.855 ; free physical = 662 ; free virtual = 5346
INFO: [Project 1-571] Translating synthesized netlist
INFO: [Netlist 29-17] Analyzing 21 Unisim elements for replacement
INFO: [Netlist 29-28] Unisim Transformation completed in 0 CPU seconds
INFO: [Project 1-570] Preparing netlist for logic optimization
Parsing XDC File [/home/el3ctrician/PrimaProva/PrimaProva.srcs/sources_1/ip/c_counter_binary_1/c_counter_binary_1_ooc.xdc] for cell 'U0'
Finished Parsing XDC File [/home/el3ctrician/PrimaProva/PrimaProva.srcs/sources_1/ip/c_counter_binary_1/c_counter_binary_1_ooc.xdc] for cell 'U0'
INFO: [Opt 31-138] Pushed 0 inverter(s) to 0 load pin(s).
INFO: [Project 1-111] Unisim Transformation Summary:
  A total of 3 instances were transformed.
  (MUXCY,XORCY) => CARRY4: 3 instances

INFO: [Common 17-83] Releasing license: Synthesis
61 Infos, 105 Warnings, 0 Critical Warnings and 0 Errors encountered.
synth_design completed successfully
synth_design: Time (s): cpu = 00:00:38 ; elapsed = 00:00:38 . Memory (MB): peak = 1343.574 ; gain = 433.520 ; free physical = 661 ; free virtual = 5345
INFO: [Coretcl 2-1174] Renamed 7 cell refs.
report_utilization: Time (s): cpu = 00:00:00.07 ; elapsed = 00:00:00.11 . Memory (MB): peak = 1351.574 ; gain = 0.000 ; free physical = 659 ; free virtual = 5343
INFO: [Common 17-206] Exiting Vivado at Wed Jul 27 02:33:18 2016...
