Vivado Simulator 2015.4
Copyright 1986-1999, 2001-2015 Xilinx, Inc. All Rights Reserved.
Running: /opt/Xilinx/Vivado/2015.4/bin/unwrapped/lnx64.o/xelab -wto 6e8a9aeaaaeb400da17febe9a0680db3 --debug typical --relax --mt 8 --maxdelay -L xil_defaultlib -L simprims_ver -L secureip --snapshot ChipSimulation_time_impl -transport_int_delays -pulse_r 0 -pulse_int_r 0 xil_defaultlib.ChipSimulation xil_defaultlib.glbl -log elaborate.log 
Using 8 slave threads.
Starting static elaboration
Completed static elaboration
Starting simulation data flow analysis
Completed simulation data flow analysis
INFO: [XSIM 43-3451] SDF backannotation process started with SDF file "ChipSimulation_time_impl.sdf", for root module "ChipSimulation/myChip".
INFO: [XSIM 43-3452] SDF backannotation was successful for SDF file "ChipSimulation_time_impl.sdf", for root module "ChipSimulation/myChip".
Time Resolution for simulation is 1ps
Compiling package std.standard
Compiling package ieee.std_logic_1164
Compiling package std.textio
Compiling package ieee.std_logic_textio
Compiling package vl.vl_types
Compiling module xil_defaultlib.glbl
Compiling module simprims_ver.ffsrce_fdce
Compiling module simprims_ver.FDCE
Compiling module simprims_ver.DSP48E1(ACASCREG=0,ADREG=0,ALUMO...
Compiling module xil_defaultlib.xbip_multadd_1_xbip_dsp48e1_wrap...
Compiling module xil_defaultlib.xbip_multadd_1_xbip_dsp48_multad...
Compiling module xil_defaultlib.xbip_multadd_1_xbip_dsp48_multad...
Compiling module xil_defaultlib.xbip_multadd_1_multadd_dsp
Compiling module xil_defaultlib.xbip_multadd_1_xbip_multadd_v3_0...
Compiling module xil_defaultlib.xbip_multadd_1_xbip_multadd_v3_0...
Compiling module xil_defaultlib.xbip_multadd_1
Compiling module simprims_ver.x_lut2_mux4
Compiling module simprims_ver.LUT2
Compiling module simprims_ver.CARRY4
Compiling module simprims_ver.x_lut3_mux4
Compiling module simprims_ver.LUT3
Compiling module simprims_ver.LUT4
Compiling module xil_defaultlib.mult_gen_0_luts
Compiling module xil_defaultlib.mult_gen_0_mult_gen_v12_0_10_viv
Compiling module xil_defaultlib.mult_gen_0_mult_gen_v12_0_10
Compiling module xil_defaultlib.mult_gen_0
Compiling module xil_defaultlib.xbip_multadd_0_xbip_dsp48e1_wrap...
Compiling module xil_defaultlib.xbip_multadd_0_xbip_dsp48_multad...
Compiling module xil_defaultlib.xbip_multadd_0_xbip_dsp48_multad...
Compiling module xil_defaultlib.xbip_multadd_0_multadd_dsp
Compiling module xil_defaultlib.xbip_multadd_0_xbip_multadd_v3_0...
Compiling module xil_defaultlib.xbip_multadd_0_xbip_multadd_v3_0...
Compiling module xil_defaultlib.xbip_multadd_0
Compiling module xil_defaultlib.converter
Compiling module xil_defaultlib.xbip_multadd_1_xbip_dsp48e1_wrap...
Compiling module xil_defaultlib.xbip_multadd_1_xbip_dsp48_multad...
Compiling module xil_defaultlib.xbip_multadd_1_xbip_dsp48_multad...
Compiling module xil_defaultlib.xbip_multadd_1_multadd_dsp_HD46
Compiling module xil_defaultlib.xbip_multadd_1_xbip_multadd_v3_0...
Compiling module xil_defaultlib.xbip_multadd_1_xbip_multadd_v3_0...
Compiling module xil_defaultlib.xbip_multadd_1_HD43
Compiling module xil_defaultlib.mult_gen_0_luts_HD31
Compiling module xil_defaultlib.mult_gen_0_mult_gen_v12_0_10_viv...
Compiling module xil_defaultlib.mult_gen_0_mult_gen_v12_0_10_HD2...
Compiling module xil_defaultlib.mult_gen_0_HD28
Compiling module xil_defaultlib.xbip_multadd_0_xbip_dsp48e1_wrap...
Compiling module xil_defaultlib.xbip_multadd_0_xbip_dsp48_multad...
Compiling module xil_defaultlib.xbip_multadd_0_xbip_dsp48_multad...
Compiling module xil_defaultlib.xbip_multadd_0_multadd_dsp_HD7
Compiling module xil_defaultlib.xbip_multadd_0_xbip_multadd_v3_0...
Compiling module xil_defaultlib.xbip_multadd_0_xbip_multadd_v3_0...
Compiling module xil_defaultlib.xbip_multadd_0_HD4
Compiling module xil_defaultlib.converter_0
Compiling module xil_defaultlib.xbip_multadd_1_xbip_dsp48e1_wrap...
Compiling module xil_defaultlib.xbip_multadd_1_xbip_dsp48_multad...
Compiling module xil_defaultlib.xbip_multadd_1_xbip_dsp48_multad...
Compiling module xil_defaultlib.xbip_multadd_1_multadd_dsp_HD53
Compiling module xil_defaultlib.xbip_multadd_1_xbip_multadd_v3_0...
Compiling module xil_defaultlib.xbip_multadd_1_xbip_multadd_v3_0...
Compiling module xil_defaultlib.xbip_multadd_1_HD50
Compiling module xil_defaultlib.mult_gen_0_luts_HD35
Compiling module xil_defaultlib.mult_gen_0_mult_gen_v12_0_10_viv...
Compiling module xil_defaultlib.mult_gen_0_mult_gen_v12_0_10_HD3...
Compiling module xil_defaultlib.mult_gen_0_HD32
Compiling module xil_defaultlib.xbip_multadd_0_xbip_dsp48e1_wrap...
Compiling module xil_defaultlib.xbip_multadd_0_xbip_dsp48_multad...
Compiling module xil_defaultlib.xbip_multadd_0_xbip_dsp48_multad...
Compiling module xil_defaultlib.xbip_multadd_0_multadd_dsp_HD14
Compiling module xil_defaultlib.xbip_multadd_0_xbip_multadd_v3_0...
Compiling module xil_defaultlib.xbip_multadd_0_xbip_multadd_v3_0...
Compiling module xil_defaultlib.xbip_multadd_0_HD11
Compiling module xil_defaultlib.converter_1
Compiling module xil_defaultlib.xbip_multadd_1_xbip_dsp48e1_wrap...
Compiling module xil_defaultlib.xbip_multadd_1_xbip_dsp48_multad...
Compiling module xil_defaultlib.xbip_multadd_1_xbip_dsp48_multad...
Compiling module xil_defaultlib.xbip_multadd_1_multadd_dsp_HD60
Compiling module xil_defaultlib.xbip_multadd_1_xbip_multadd_v3_0...
Compiling module xil_defaultlib.xbip_multadd_1_xbip_multadd_v3_0...
Compiling module xil_defaultlib.xbip_multadd_1_HD57
Compiling module xil_defaultlib.mult_gen_0_luts_HD39
Compiling module xil_defaultlib.mult_gen_0_mult_gen_v12_0_10_viv...
Compiling module xil_defaultlib.mult_gen_0_mult_gen_v12_0_10_HD3...
Compiling module xil_defaultlib.mult_gen_0_HD36
Compiling module xil_defaultlib.xbip_multadd_0_xbip_dsp48e1_wrap...
Compiling module xil_defaultlib.xbip_multadd_0_xbip_dsp48_multad...
Compiling module xil_defaultlib.xbip_multadd_0_xbip_dsp48_multad...
Compiling module xil_defaultlib.xbip_multadd_0_multadd_dsp_HD21
Compiling module xil_defaultlib.xbip_multadd_0_xbip_multadd_v3_0...
Compiling module xil_defaultlib.xbip_multadd_0_xbip_multadd_v3_0...
Compiling module xil_defaultlib.xbip_multadd_0_HD18
Compiling module xil_defaultlib.converter_2
Compiling module simprims_ver.RB18_INTERNAL_VLOG(DOA_REG=1,DOB...
Compiling module simprims_ver.RAMB18E1(DOA_REG=1,DOB_REG=1,INI...
Compiling module xil_defaultlib.inputMemory2_blk_mem_gen_prim_wr...
Compiling module xil_defaultlib.inputMemory2_blk_mem_gen_prim_wi...
Compiling module simprims_ver.RB36_INTERNAL_VLOG(DOA_REG=1,DOB...
Compiling module simprims_ver.RAMB36E1(DOA_REG=1,DOB_REG=1,INI...
Compiling module xil_defaultlib.inputMemory2_blk_mem_gen_prim_wr...
Compiling module xil_defaultlib.inputMemory2_blk_mem_gen_prim_wi...
Compiling module xil_defaultlib.inputMemory2_blk_mem_gen_generic...
Compiling module xil_defaultlib.inputMemory2_blk_mem_gen_top
Compiling module xil_defaultlib.inputMemory2_blk_mem_gen_v8_3_1_...
Compiling module xil_defaultlib.inputMemory2_blk_mem_gen_v8_3_1
Compiling module xil_defaultlib.inputMemory2
Compiling module simprims_ver.IBUF
Compiling module simprims_ver.BUFG
Compiling module simprims_ver.OBUF
Compiling module simprims_ver.RB18_INTERNAL_VLOG(DOA_REG=1,DOB...
Compiling module simprims_ver.RAMB18E1(DOA_REG=1,DOB_REG=1,REA...
Compiling module xil_defaultlib.outputMemoryCore_blk_mem_gen_pri...
Compiling module xil_defaultlib.outputMemoryCore_blk_mem_gen_pri...
Compiling module xil_defaultlib.outputMemoryCore_blk_mem_gen_gen...
Compiling module xil_defaultlib.outputMemoryCore_blk_mem_gen_top
Compiling module xil_defaultlib.outputMemoryCore_blk_mem_gen_v8_...
Compiling module xil_defaultlib.outputMemoryCore_blk_mem_gen_v8_...
Compiling module xil_defaultlib.outputMemoryCore
Compiling module xil_defaultlib.outputMemoryCore_blk_mem_gen_pri...
Compiling module xil_defaultlib.outputMemoryCore_blk_mem_gen_pri...
Compiling module xil_defaultlib.outputMemoryCore_blk_mem_gen_gen...
Compiling module xil_defaultlib.outputMemoryCore_blk_mem_gen_top...
Compiling module xil_defaultlib.outputMemoryCore_blk_mem_gen_v8_...
Compiling module xil_defaultlib.outputMemoryCore_blk_mem_gen_v8_...
Compiling module xil_defaultlib.outputMemoryCore_HD92
Compiling module xil_defaultlib.OutputMemory
Compiling module simprims_ver.sffsrce_fdre
Compiling module simprims_ver.FDRE
Compiling module simprims_ver.LUT5
Compiling module simprims_ver.LUT6
Compiling module simprims_ver.x_lut1_mux2
Compiling module simprims_ver.LUT1
Compiling module xil_defaultlib.c_counter_binary_1_c_reg_fd_v12_...
Compiling module xil_defaultlib.c_counter_binary_1_c_addsub_v12_...
Compiling module xil_defaultlib.c_counter_binary_1_c_addsub_v12_...
Compiling module xil_defaultlib.c_counter_binary_1_c_addsub_v12_...
Compiling module xil_defaultlib.c_counter_binary_1_c_counter_bin...
Compiling module xil_defaultlib.c_counter_binary_1_c_counter_bin...
Compiling module xil_defaultlib.c_counter_binary_1_c_counter_bin...
Compiling module xil_defaultlib.c_counter_binary_1
Compiling module simprims_ver.ffsrce_fdpe
Compiling module simprims_ver.FDPE(IS_C_INVERTED=1'b1)
Compiling module xil_defaultlib.IMC
Compiling module simprims_ver.sffsrce_fdse
Compiling module simprims_ver.FDSE
Compiling module xil_defaultlib.c_counter_binary_2_c_reg_fd_v12_...
Compiling module xil_defaultlib.c_counter_binary_2_c_addsub_v12_...
Compiling module xil_defaultlib.c_counter_binary_2_c_addsub_v12_...
Compiling module xil_defaultlib.c_counter_binary_2_c_addsub_v12_...
Compiling module xil_defaultlib.c_counter_binary_2_c_counter_bin...
Compiling module xil_defaultlib.c_counter_binary_2_c_counter_bin...
Compiling module xil_defaultlib.c_counter_binary_2_c_counter_bin...
Compiling module xil_defaultlib.c_counter_binary_2
Compiling module xil_defaultlib.IMC2
Compiling module simprims_ver.RB18_INTERNAL_VLOG(DOA_REG=1,DOB...
Compiling module simprims_ver.RAMB18E1(DOA_REG=1,DOB_REG=1,INI...
Compiling module xil_defaultlib.input_memory_blk_mem_gen_prim_wr...
Compiling module xil_defaultlib.input_memory_blk_mem_gen_prim_wi...
Compiling module simprims_ver.RB36_INTERNAL_VLOG(DOA_REG=1,DOB...
Compiling module simprims_ver.RAMB36E1(DOA_REG=1,DOB_REG=1,INI...
Compiling module xil_defaultlib.input_memory_blk_mem_gen_prim_wr...
Compiling module xil_defaultlib.input_memory_blk_mem_gen_prim_wi...
Compiling module xil_defaultlib.input_memory_blk_mem_gen_generic...
Compiling module xil_defaultlib.input_memory_blk_mem_gen_top
Compiling module xil_defaultlib.input_memory_blk_mem_gen_v8_3_1_...
Compiling module xil_defaultlib.input_memory_blk_mem_gen_v8_3_1
Compiling module xil_defaultlib.input_memory
Compiling module xil_defaultlib.c_counter_binary_1_c_reg_fd_v12_...
Compiling module xil_defaultlib.c_counter_binary_1_c_addsub_v12_...
Compiling module xil_defaultlib.c_counter_binary_1_c_addsub_v12_...
Compiling module xil_defaultlib.c_counter_binary_1_c_addsub_v12_...
Compiling module xil_defaultlib.c_counter_binary_1_c_counter_bin...
Compiling module xil_defaultlib.c_counter_binary_1_c_counter_bin...
Compiling module xil_defaultlib.c_counter_binary_1_c_counter_bin...
Compiling module xil_defaultlib.c_counter_binary_1_HD74
Compiling module xil_defaultlib.OMC1
Compiling module xil_defaultlib.c_counter_binary_2_c_reg_fd_v12_...
Compiling module xil_defaultlib.c_counter_binary_2_c_addsub_v12_...
Compiling module xil_defaultlib.c_counter_binary_2_c_addsub_v12_...
Compiling module xil_defaultlib.c_counter_binary_2_c_addsub_v12_...
Compiling module xil_defaultlib.c_counter_binary_2_c_counter_bin...
Compiling module xil_defaultlib.c_counter_binary_2_c_counter_bin...
Compiling module xil_defaultlib.c_counter_binary_2_c_counter_bin...
Compiling module xil_defaultlib.c_counter_binary_2_HD83
Compiling module xil_defaultlib.OMC2
Compiling module xil_defaultlib.c_counter_binary_0_c_reg_fd_v12_...
Compiling module xil_defaultlib.c_counter_binary_0_c_addsub_v12_...
Compiling module xil_defaultlib.c_counter_binary_0_c_addsub_v12_...
Compiling module xil_defaultlib.c_counter_binary_0_c_addsub_v12_...
Compiling module xil_defaultlib.c_counter_binary_0_c_counter_bin...
Compiling module xil_defaultlib.c_counter_binary_0_c_counter_bin...
Compiling module xil_defaultlib.c_counter_binary_0_c_counter_bin...
Compiling module xil_defaultlib.c_counter_binary_0
Compiling module xil_defaultlib.synchronizer_3
Compiling module simprims_ver.FDCE(IS_C_INVERTED=1'b1)
Compiling module xil_defaultlib.OMCfull
Compiling module xil_defaultlib.c_counter_binary_0_c_reg_fd_v12_...
Compiling module xil_defaultlib.c_counter_binary_0_c_addsub_v12_...
Compiling module xil_defaultlib.c_counter_binary_0_c_addsub_v12_...
Compiling module xil_defaultlib.c_counter_binary_0_c_addsub_v12_...
Compiling module xil_defaultlib.c_counter_binary_0_c_counter_bin...
Compiling module xil_defaultlib.c_counter_binary_0_c_counter_bin...
Compiling module xil_defaultlib.c_counter_binary_0_c_counter_bin...
Compiling module xil_defaultlib.c_counter_binary_0_HD65
Compiling module xil_defaultlib.synchronizer
Compiling module xil_defaultlib.FullChip
Compiling architecture behavioral of entity xil_defaultlib.writeToFile1 [\writeToFile1("mem1.txt")(1,8)\]
Compiling architecture behavioral of entity xil_defaultlib.writeToFile2 [\writeToFile2("mem2.txt")(1,8)\]
Compiling architecture behavioral of entity xil_defaultlib.writeToFile3 [\writeToFile3("mem3.txt")(1,8)\]
Compiling architecture behavioral of entity xil_defaultlib.writeToFile4 [\writeToFile4("mem4.txt")(1,8)\]
Compiling architecture behavioral of entity xil_defaultlib.chipsimulation
Built simulation snapshot ChipSimulation_time_impl
