INFO: [VRFC 10-2263] Analyzing Verilog file "/home/el3ctrician/PrimaProva/PrimaProva.sim/sim_2/impl/timing/ChipSimulation_time_impl.v" into library xil_defaultlib
INFO: [VRFC 10-311] analyzing module FullChip
INFO: [VRFC 10-311] analyzing module IMC
INFO: [VRFC 10-311] analyzing module IMC2
INFO: [VRFC 10-311] analyzing module OMC1
INFO: [VRFC 10-311] analyzing module OMC2
INFO: [VRFC 10-311] analyzing module OMCfull
INFO: [VRFC 10-311] analyzing module OutputMemory
INFO: [VRFC 10-311] analyzing module c_counter_binary_0
INFO: [VRFC 10-311] analyzing module c_counter_binary_0_HD65
INFO: [VRFC 10-311] analyzing module c_counter_binary_0_c_counter_binary_v12_0_8
INFO: [VRFC 10-311] analyzing module c_counter_binary_0_c_counter_binary_v12_0_8_HD66
INFO: [VRFC 10-311] analyzing module c_counter_binary_1
INFO: [VRFC 10-311] analyzing module c_counter_binary_1_HD74
INFO: [VRFC 10-311] analyzing module c_counter_binary_1_c_counter_binary_v12_0_8
INFO: [VRFC 10-311] analyzing module c_counter_binary_1_c_counter_binary_v12_0_8_HD75
INFO: [VRFC 10-311] analyzing module c_counter_binary_2
INFO: [VRFC 10-311] analyzing module c_counter_binary_2_HD83
INFO: [VRFC 10-311] analyzing module c_counter_binary_2_c_counter_binary_v12_0_8
INFO: [VRFC 10-311] analyzing module c_counter_binary_2_c_counter_binary_v12_0_8_HD84
INFO: [VRFC 10-311] analyzing module converter
INFO: [VRFC 10-311] analyzing module converter_0
INFO: [VRFC 10-311] analyzing module converter_1
INFO: [VRFC 10-311] analyzing module converter_2
INFO: [VRFC 10-311] analyzing module inputMemory2
INFO: [VRFC 10-311] analyzing module inputMemory2_blk_mem_gen_generic_cstr
INFO: [VRFC 10-311] analyzing module inputMemory2_blk_mem_gen_prim_width
INFO: [VRFC 10-311] analyzing module inputMemory2_blk_mem_gen_prim_width__parameterized0
INFO: [VRFC 10-311] analyzing module inputMemory2_blk_mem_gen_prim_wrapper_init
INFO: [VRFC 10-311] analyzing module inputMemory2_blk_mem_gen_prim_wrapper_init__parameterized0
INFO: [VRFC 10-311] analyzing module inputMemory2_blk_mem_gen_top
INFO: [VRFC 10-311] analyzing module inputMemory2_blk_mem_gen_v8_3_1
INFO: [VRFC 10-311] analyzing module inputMemory2_blk_mem_gen_v8_3_1_synth
INFO: [VRFC 10-311] analyzing module input_memory
INFO: [VRFC 10-311] analyzing module input_memory_blk_mem_gen_generic_cstr
INFO: [VRFC 10-311] analyzing module input_memory_blk_mem_gen_prim_width
INFO: [VRFC 10-311] analyzing module input_memory_blk_mem_gen_prim_width__parameterized0
INFO: [VRFC 10-311] analyzing module input_memory_blk_mem_gen_prim_wrapper_init
INFO: [VRFC 10-311] analyzing module input_memory_blk_mem_gen_prim_wrapper_init__parameterized0
INFO: [VRFC 10-311] analyzing module input_memory_blk_mem_gen_top
INFO: [VRFC 10-311] analyzing module input_memory_blk_mem_gen_v8_3_1
INFO: [VRFC 10-311] analyzing module input_memory_blk_mem_gen_v8_3_1_synth
INFO: [VRFC 10-311] analyzing module mult_gen_0
INFO: [VRFC 10-311] analyzing module mult_gen_0_HD28
INFO: [VRFC 10-311] analyzing module mult_gen_0_HD32
INFO: [VRFC 10-311] analyzing module mult_gen_0_HD36
INFO: [VRFC 10-311] analyzing module mult_gen_0_mult_gen_v12_0_10
INFO: [VRFC 10-311] analyzing module mult_gen_0_mult_gen_v12_0_10_HD29
INFO: [VRFC 10-311] analyzing module mult_gen_0_mult_gen_v12_0_10_HD33
INFO: [VRFC 10-311] analyzing module mult_gen_0_mult_gen_v12_0_10_HD37
INFO: [VRFC 10-311] analyzing module outputMemoryCore
INFO: [VRFC 10-311] analyzing module outputMemoryCore_HD92
INFO: [VRFC 10-311] analyzing module outputMemoryCore_blk_mem_gen_generic_cstr
INFO: [VRFC 10-311] analyzing module outputMemoryCore_blk_mem_gen_generic_cstr_HD96
INFO: [VRFC 10-311] analyzing module outputMemoryCore_blk_mem_gen_prim_width
INFO: [VRFC 10-311] analyzing module outputMemoryCore_blk_mem_gen_prim_width_HD97
INFO: [VRFC 10-311] analyzing module outputMemoryCore_blk_mem_gen_prim_wrapper
INFO: [VRFC 10-311] analyzing module outputMemoryCore_blk_mem_gen_prim_wrapper_HD98
INFO: [VRFC 10-311] analyzing module outputMemoryCore_blk_mem_gen_top
INFO: [VRFC 10-311] analyzing module outputMemoryCore_blk_mem_gen_top_HD95
INFO: [VRFC 10-311] analyzing module outputMemoryCore_blk_mem_gen_v8_3_1
INFO: [VRFC 10-311] analyzing module outputMemoryCore_blk_mem_gen_v8_3_1_HD93
INFO: [VRFC 10-311] analyzing module outputMemoryCore_blk_mem_gen_v8_3_1_synth
INFO: [VRFC 10-311] analyzing module outputMemoryCore_blk_mem_gen_v8_3_1_synth_HD94
INFO: [VRFC 10-311] analyzing module synchronizer
INFO: [VRFC 10-311] analyzing module synchronizer_3
INFO: [VRFC 10-311] analyzing module xbip_multadd_0
INFO: [VRFC 10-311] analyzing module xbip_multadd_0_HD11
INFO: [VRFC 10-311] analyzing module xbip_multadd_0_HD18
INFO: [VRFC 10-311] analyzing module xbip_multadd_0_HD4
INFO: [VRFC 10-311] analyzing module xbip_multadd_0_xbip_multadd_v3_0_8
INFO: [VRFC 10-311] analyzing module xbip_multadd_0_xbip_multadd_v3_0_8_HD12
INFO: [VRFC 10-311] analyzing module xbip_multadd_0_xbip_multadd_v3_0_8_HD19
INFO: [VRFC 10-311] analyzing module xbip_multadd_0_xbip_multadd_v3_0_8_HD5
INFO: [VRFC 10-311] analyzing module xbip_multadd_1
INFO: [VRFC 10-311] analyzing module xbip_multadd_1_HD43
INFO: [VRFC 10-311] analyzing module xbip_multadd_1_HD50
INFO: [VRFC 10-311] analyzing module xbip_multadd_1_HD57
INFO: [VRFC 10-311] analyzing module xbip_multadd_1_xbip_multadd_v3_0_8
INFO: [VRFC 10-311] analyzing module xbip_multadd_1_xbip_multadd_v3_0_8_HD44
INFO: [VRFC 10-311] analyzing module xbip_multadd_1_xbip_multadd_v3_0_8_HD51
INFO: [VRFC 10-311] analyzing module xbip_multadd_1_xbip_multadd_v3_0_8_HD58
INFO: [VRFC 10-311] analyzing module c_counter_binary_0_c_addsub_v12_0_8_fabric_legacy
INFO: [VRFC 10-311] analyzing module c_counter_binary_0_c_addsub_v12_0_8_fabric_legacy_HD70
INFO: [VRFC 10-311] analyzing module c_counter_binary_0_c_addsub_v12_0_8_legacy
INFO: [VRFC 10-311] analyzing module c_counter_binary_0_c_addsub_v12_0_8_legacy_HD69
INFO: [VRFC 10-311] analyzing module c_counter_binary_0_c_addsub_v12_0_8_lut6_legacy
INFO: [VRFC 10-311] analyzing module c_counter_binary_0_c_addsub_v12_0_8_lut6_legacy_HD71
INFO: [VRFC 10-311] analyzing module c_counter_binary_1_c_addsub_v12_0_8_fabric_legacy
INFO: [VRFC 10-311] analyzing module c_counter_binary_1_c_addsub_v12_0_8_fabric_legacy_HD79
INFO: [VRFC 10-311] analyzing module c_counter_binary_1_c_addsub_v12_0_8_legacy
INFO: [VRFC 10-311] analyzing module c_counter_binary_1_c_addsub_v12_0_8_legacy_HD78
INFO: [VRFC 10-311] analyzing module c_counter_binary_1_c_addsub_v12_0_8_lut6_legacy
INFO: [VRFC 10-311] analyzing module c_counter_binary_1_c_addsub_v12_0_8_lut6_legacy_HD80
INFO: [VRFC 10-311] analyzing module c_counter_binary_2_c_addsub_v12_0_8_fabric_legacy
INFO: [VRFC 10-311] analyzing module c_counter_binary_2_c_addsub_v12_0_8_fabric_legacy_HD88
INFO: [VRFC 10-311] analyzing module c_counter_binary_2_c_addsub_v12_0_8_legacy
INFO: [VRFC 10-311] analyzing module c_counter_binary_2_c_addsub_v12_0_8_legacy_HD87
INFO: [VRFC 10-311] analyzing module c_counter_binary_2_c_addsub_v12_0_8_lut6_legacy
INFO: [VRFC 10-311] analyzing module c_counter_binary_2_c_addsub_v12_0_8_lut6_legacy_HD89
INFO: [VRFC 10-311] analyzing module xbip_multadd_0_xbip_dsp48e1_wrapper_v3_0
INFO: [VRFC 10-311] analyzing module xbip_multadd_0_xbip_dsp48e1_wrapper_v3_0_HD10
INFO: [VRFC 10-311] analyzing module xbip_multadd_0_xbip_dsp48e1_wrapper_v3_0_HD17
INFO: [VRFC 10-311] analyzing module xbip_multadd_0_xbip_dsp48e1_wrapper_v3_0_HD24
INFO: [VRFC 10-311] analyzing module xbip_multadd_1_xbip_dsp48e1_wrapper_v3_0
INFO: [VRFC 10-311] analyzing module xbip_multadd_1_xbip_dsp48e1_wrapper_v3_0_HD49
INFO: [VRFC 10-311] analyzing module xbip_multadd_1_xbip_dsp48e1_wrapper_v3_0_HD56
INFO: [VRFC 10-311] analyzing module xbip_multadd_1_xbip_dsp48e1_wrapper_v3_0_HD63
INFO: [VRFC 10-311] analyzing module xbip_multadd_0_multadd_dsp
INFO: [VRFC 10-311] analyzing module xbip_multadd_0_multadd_dsp_HD14
INFO: [VRFC 10-311] analyzing module xbip_multadd_0_multadd_dsp_HD21
INFO: [VRFC 10-311] analyzing module xbip_multadd_0_multadd_dsp_HD7
INFO: [VRFC 10-311] analyzing module xbip_multadd_0_xbip_multadd_v3_0_8_viv
INFO: [VRFC 10-311] analyzing module xbip_multadd_0_xbip_multadd_v3_0_8_viv_HD13
INFO: [VRFC 10-311] analyzing module xbip_multadd_0_xbip_multadd_v3_0_8_viv_HD20
INFO: [VRFC 10-311] analyzing module xbip_multadd_0_xbip_multadd_v3_0_8_viv_HD6
INFO: [VRFC 10-311] analyzing module xbip_multadd_1_multadd_dsp
INFO: [VRFC 10-311] analyzing module xbip_multadd_1_multadd_dsp_HD46
INFO: [VRFC 10-311] analyzing module xbip_multadd_1_multadd_dsp_HD53
INFO: [VRFC 10-311] analyzing module xbip_multadd_1_multadd_dsp_HD60
INFO: [VRFC 10-311] analyzing module xbip_multadd_1_xbip_multadd_v3_0_8_viv
INFO: [VRFC 10-311] analyzing module xbip_multadd_1_xbip_multadd_v3_0_8_viv_HD45
INFO: [VRFC 10-311] analyzing module xbip_multadd_1_xbip_multadd_v3_0_8_viv_HD52
INFO: [VRFC 10-311] analyzing module xbip_multadd_1_xbip_multadd_v3_0_8_viv_HD59
INFO: [VRFC 10-311] analyzing module mult_gen_0_luts
INFO: [VRFC 10-311] analyzing module mult_gen_0_luts_HD31
INFO: [VRFC 10-311] analyzing module mult_gen_0_luts_HD35
INFO: [VRFC 10-311] analyzing module mult_gen_0_luts_HD39
INFO: [VRFC 10-311] analyzing module mult_gen_0_mult_gen_v12_0_10_viv
INFO: [VRFC 10-311] analyzing module mult_gen_0_mult_gen_v12_0_10_viv_HD30
INFO: [VRFC 10-311] analyzing module mult_gen_0_mult_gen_v12_0_10_viv_HD34
INFO: [VRFC 10-311] analyzing module mult_gen_0_mult_gen_v12_0_10_viv_HD38
INFO: [VRFC 10-311] analyzing module xbip_multadd_0_xbip_dsp48_multadd_synth
INFO: [VRFC 10-311] analyzing module xbip_multadd_0_xbip_dsp48_multadd_synth_HD16
INFO: [VRFC 10-311] analyzing module xbip_multadd_0_xbip_dsp48_multadd_synth_HD23
INFO: [VRFC 10-311] analyzing module xbip_multadd_0_xbip_dsp48_multadd_synth_HD9
INFO: [VRFC 10-311] analyzing module xbip_multadd_0_xbip_dsp48_multadd_v3_0_1_viv
INFO: [VRFC 10-311] analyzing module xbip_multadd_0_xbip_dsp48_multadd_v3_0_1_viv_HD15
INFO: [VRFC 10-311] analyzing module xbip_multadd_0_xbip_dsp48_multadd_v3_0_1_viv_HD22
INFO: [VRFC 10-311] analyzing module xbip_multadd_0_xbip_dsp48_multadd_v3_0_1_viv_HD8
INFO: [VRFC 10-311] analyzing module xbip_multadd_1_xbip_dsp48_multadd_synth
INFO: [VRFC 10-311] analyzing module xbip_multadd_1_xbip_dsp48_multadd_synth_HD48
INFO: [VRFC 10-311] analyzing module xbip_multadd_1_xbip_dsp48_multadd_synth_HD55
INFO: [VRFC 10-311] analyzing module xbip_multadd_1_xbip_dsp48_multadd_synth_HD62
INFO: [VRFC 10-311] analyzing module xbip_multadd_1_xbip_dsp48_multadd_v3_0_1_viv
INFO: [VRFC 10-311] analyzing module xbip_multadd_1_xbip_dsp48_multadd_v3_0_1_viv_HD47
INFO: [VRFC 10-311] analyzing module xbip_multadd_1_xbip_dsp48_multadd_v3_0_1_viv_HD54
INFO: [VRFC 10-311] analyzing module xbip_multadd_1_xbip_dsp48_multadd_v3_0_1_viv_HD61
INFO: [VRFC 10-311] analyzing module c_counter_binary_0_c_counter_binary_v12_0_8_legacy
INFO: [VRFC 10-311] analyzing module c_counter_binary_0_c_counter_binary_v12_0_8_legacy_HD68
INFO: [VRFC 10-311] analyzing module c_counter_binary_0_c_counter_binary_v12_0_8_viv
INFO: [VRFC 10-311] analyzing module c_counter_binary_0_c_counter_binary_v12_0_8_viv_HD67
INFO: [VRFC 10-311] analyzing module c_counter_binary_1_c_counter_binary_v12_0_8_legacy
INFO: [VRFC 10-311] analyzing module c_counter_binary_1_c_counter_binary_v12_0_8_legacy_HD77
INFO: [VRFC 10-311] analyzing module c_counter_binary_1_c_counter_binary_v12_0_8_viv
INFO: [VRFC 10-311] analyzing module c_counter_binary_1_c_counter_binary_v12_0_8_viv_HD76
INFO: [VRFC 10-311] analyzing module c_counter_binary_2_c_counter_binary_v12_0_8_legacy
INFO: [VRFC 10-311] analyzing module c_counter_binary_2_c_counter_binary_v12_0_8_legacy_HD86
INFO: [VRFC 10-311] analyzing module c_counter_binary_2_c_counter_binary_v12_0_8_viv
INFO: [VRFC 10-311] analyzing module c_counter_binary_2_c_counter_binary_v12_0_8_viv_HD85
INFO: [VRFC 10-311] analyzing module c_counter_binary_0_c_reg_fd_v12_0_1_viv
INFO: [VRFC 10-311] analyzing module c_counter_binary_0_c_reg_fd_v12_0_1_viv_HD72
INFO: [VRFC 10-311] analyzing module c_counter_binary_1_c_reg_fd_v12_0_1_viv
INFO: [VRFC 10-311] analyzing module c_counter_binary_1_c_reg_fd_v12_0_1_viv_HD81
INFO: [VRFC 10-311] analyzing module c_counter_binary_2_c_reg_fd_v12_0_1_viv
INFO: [VRFC 10-311] analyzing module c_counter_binary_2_c_reg_fd_v12_0_1_viv_HD90
INFO: [VRFC 10-311] analyzing module glbl
